build/app/intermediates/manifest_merge_blame_file/debug/processDebugMainManifest/manifest-merger-blame-debug-report.txt
1<?xml version="1.0" encoding="utf-8"?>
2<manifest xmlns:android="http://schemas.android.com/apk/res/android"
3    package="com.example.mealmateapp"
4    android:versionCode="1"
5    android:versionName="1.0.0" >
6
7    <uses-sdk
8        android:minSdkVersion="21"
9        android:targetSdkVersion="35" />
10    <!--
11         The INTERNET permission is required for development. Specifically,
12         the Flutter tool needs it to communicate with the running application
13         to allow setting breakpoints, to provide hot reload, etc.
14    -->
15    <uses-permission android:name="android.permission.INTERNET" />
15-->src\debug\AndroidManifest.xml:6:5-66
15-->src\debug\AndroidManifest.xml:6:22-64
16    <!--
17     Required to query activities that can process text, see:
18         https://developer.android.com/training/package-visibility and
19         https://developer.android.com/reference/android/content/Intent#ACTION_PROCESS_TEXT.
20
21         In particular, this is used by the Flutter engine in io.flutter.plugin.text.ProcessTextPlugin.
22    -->
23    <queries>
23-->src\main\AndroidManifest.xml:41:5-46:15
24        <intent>
24-->src\main\AndroidManifest.xml:42:9-45:18
25            <action android:name="android.intent.action.PROCESS_TEXT" />
25-->src\main\AndroidManifest.xml:43:13-72
25-->src\main\AndroidManifest.xml:43:21-70
26
27            <data android:mimeType="text/plain" />
27-->src\main\AndroidManifest.xml:44:13-50
27-->src\main\AndroidManifest.xml:44:19-48
28        </intent>
29    </queries>
30
31    <uses-permission android:name="android.permission.ACCESS_NETWORK_STATE" />
31-->[com.google.firebase:firebase-auth:22.3.1] AndroidManifest.xml:26:5-79
31-->[com.google.firebase:firebase-auth:22.3.1] AndroidManifest.xml:26:22-76
32    <uses-permission android:name="com.google.android.providers.gsf.permission.READ_GSERVICES" />
32-->[com.google.android.recaptcha:recaptcha:18.4.0] AndroidManifest.xml:9:5-98
32-->[com.google.android.recaptcha:recaptcha:18.4.0] AndroidManifest.xml:9:22-95
33
34    <permission
34-->[androidx.core:core:1.13.1] AndroidManifest.xml:22:5-24:47
35        android:name="com.example.mealmateapp.DYNAMIC_RECEIVER_NOT_EXPORTED_PERMISSION"
35-->[androidx.core:core:1.13.1] AndroidManifest.xml:23:9-81
36        android:protectionLevel="signature" />
36-->[androidx.core:core:1.13.1] AndroidManifest.xml:24:9-44
37
38    <uses-permission android:name="com.example.mealmateapp.DYNAMIC_RECEIVER_NOT_EXPORTED_PERMISSION" />
38-->[androidx.core:core:1.13.1] AndroidManifest.xml:26:5-97
38-->[androidx.core:core:1.13.1] AndroidManifest.xml:26:22-94
39
40    <application
41        android:name="android.app.Application"
42        android:appComponentFactory="androidx.core.app.CoreComponentFactory"
42-->[androidx.core:core:1.13.1] AndroidManifest.xml:28:18-86
43        android:debuggable="true"
44        android:extractNativeLibs="true"
45        android:icon="@mipmap/ic_launcher"
46        android:label="mealmateapp" >
47        <activity
48            android:name="com.example.mealmateapp.MainActivity"
49            android:configChanges="orientation|keyboardHidden|keyboard|screenSize|smallestScreenSize|locale|layoutDirection|fontScale|screenLayout|density|uiMode"
50            android:exported="true"
51            android:hardwareAccelerated="true"
52            android:launchMode="singleTop"
53            android:taskAffinity=""
54            android:theme="@style/LaunchTheme"
55            android:windowSoftInputMode="adjustResize" >
56
57            <!--
58                 Specifies an Android theme to apply to this Activity as soon as
59                 the Android process has started. This theme is visible to the user
60                 while the Flutter UI initializes. After that, this theme continues
61                 to determine the Window background behind the Flutter UI.
62            -->
63            <meta-data
64                android:name="io.flutter.embedding.android.NormalTheme"
65                android:resource="@style/NormalTheme" />
66
67            <intent-filter>
68                <action android:name="android.intent.action.MAIN" />
69
70                <category android:name="android.intent.category.LAUNCHER" />
71            </intent-filter>
72        </activity>
73        <!--
74             Don't delete the meta-data below.
75             This is used by the Flutter tool to generate GeneratedPluginRegistrant.java
76        -->
77        <meta-data
78            android:name="flutterEmbedding"
79            android:value="2" />
80
81        <service
81-->[:firebase_auth] AndroidManifest.xml:8:9-12:19
82            android:name="com.google.firebase.components.ComponentDiscoveryService"
82-->[:firebase_auth] AndroidManifest.xml:8:18-89
83            android:directBootAware="true"
83-->[com.google.firebase:firebase-common:20.4.3] AndroidManifest.xml:32:13-43
84            android:exported="false" >
84-->[com.google.firebase:firebase-auth:22.3.1] AndroidManifest.xml:68:13-37
85            <meta-data
85-->[:firebase_auth] AndroidManifest.xml:9:13-11:85
86                android:name="com.google.firebase.components:io.flutter.plugins.firebase.auth.FlutterFirebaseAuthRegistrar"
86-->[:firebase_auth] AndroidManifest.xml:10:17-124
87                android:value="com.google.firebase.components.ComponentRegistrar" />
87-->[:firebase_auth] AndroidManifest.xml:11:17-82
88            <meta-data
88-->[:cloud_firestore] AndroidManifest.xml:9:13-11:85
89                android:name="com.google.firebase.components:io.flutter.plugins.firebase.firestore.FlutterFirebaseFirestoreRegistrar"
89-->[:cloud_firestore] AndroidManifest.xml:10:17-134
90                android:value="com.google.firebase.components.ComponentRegistrar" />
90-->[:cloud_firestore] AndroidManifest.xml:11:17-82
91            <meta-data
91-->[:firebase_database] AndroidManifest.xml:9:13-11:85
92                android:name="com.google.firebase.components:io.flutter.plugins.firebase.database.FlutterFirebaseAppRegistrar"
92-->[:firebase_database] AndroidManifest.xml:10:17-127
93                android:value="com.google.firebase.components.ComponentRegistrar" />
93-->[:firebase_database] AndroidManifest.xml:11:17-82
94            <meta-data
94-->[:firebase_storage] AndroidManifest.xml:9:13-11:85
95                android:name="com.google.firebase.components:io.flutter.plugins.firebase.storage.FlutterFirebaseAppRegistrar"
95-->[:firebase_storage] AndroidManifest.xml:10:17-126
96                android:value="com.google.firebase.components.ComponentRegistrar" />
96-->[:firebase_storage] AndroidManifest.xml:11:17-82
97            <meta-data
97-->[:firebase_core] AndroidManifest.xml:9:13-11:85
98                android:name="com.google.firebase.components:io.flutter.plugins.firebase.core.FlutterFirebaseCoreRegistrar"
98-->[:firebase_core] AndroidManifest.xml:10:17-124
99                android:value="com.google.firebase.components.ComponentRegistrar" />
99-->[:firebase_core] AndroidManifest.xml:11:17-82
100            <meta-data
100-->[com.google.firebase:firebase-auth:22.3.1] AndroidManifest.xml:69:13-71:85
101                android:name="com.google.firebase.components:com.google.firebase.auth.FirebaseAuthRegistrar"
101-->[com.google.firebase:firebase-auth:22.3.1] AndroidManifest.xml:70:17-109
102                android:value="com.google.firebase.components.ComponentRegistrar" />
102-->[com.google.firebase:firebase-auth:22.3.1] AndroidManifest.xml:71:17-82
103            <meta-data
103-->[com.google.firebase:firebase-firestore:24.11.0] AndroidManifest.xml:17:13-19:85
104                android:name="com.google.firebase.components:com.google.firebase.firestore.FirebaseFirestoreKtxRegistrar"
104-->[com.google.firebase:firebase-firestore:24.11.0] AndroidManifest.xml:18:17-122
105                android:value="com.google.firebase.components.ComponentRegistrar" />
105-->[com.google.firebase:firebase-firestore:24.11.0] AndroidManifest.xml:19:17-82
106            <meta-data
106-->[com.google.firebase:firebase-firestore:24.11.0] AndroidManifest.xml:20:13-22:85
107                android:name="com.google.firebase.components:com.google.firebase.firestore.FirestoreRegistrar"
107-->[com.google.firebase:firebase-firestore:24.11.0] AndroidManifest.xml:21:17-111
108                android:value="com.google.firebase.components.ComponentRegistrar" />
108-->[com.google.firebase:firebase-firestore:24.11.0] AndroidManifest.xml:22:17-82
109            <meta-data
109-->[com.google.firebase:firebase-storage:20.3.0] AndroidManifest.xml:30:13-32:85
110                android:name="com.google.firebase.components:com.google.firebase.storage.FirebaseStorageKtxRegistrar"
110-->[com.google.firebase:firebase-storage:20.3.0] AndroidManifest.xml:31:17-118
111                android:value="com.google.firebase.components.ComponentRegistrar" />
111-->[com.google.firebase:firebase-storage:20.3.0] AndroidManifest.xml:32:17-82
112            <meta-data
112-->[com.google.firebase:firebase-storage:20.3.0] AndroidManifest.xml:33:13-35:85
113                android:name="com.google.firebase.components:com.google.firebase.storage.StorageRegistrar"
113-->[com.google.firebase:firebase-storage:20.3.0] AndroidManifest.xml:34:17-107
114                android:value="com.google.firebase.components.ComponentRegistrar" />
114-->[com.google.firebase:firebase-storage:20.3.0] AndroidManifest.xml:35:17-82
115            <meta-data
115-->[com.google.firebase:firebase-database:20.3.1] AndroidManifest.xml:29:13-31:85
116                android:name="com.google.firebase.components:com.google.firebase.database.FirebaseDatabaseKtxRegistrar"
116-->[com.google.firebase:firebase-database:20.3.1] AndroidManifest.xml:30:17-120
117                android:value="com.google.firebase.components.ComponentRegistrar" />
117-->[com.google.firebase:firebase-database:20.3.1] AndroidManifest.xml:31:17-82
118            <meta-data
118-->[com.google.firebase:firebase-database:20.3.1] AndroidManifest.xml:32:13-34:85
119                android:name="com.google.firebase.components:com.google.firebase.database.DatabaseRegistrar"
119-->[com.google.firebase:firebase-database:20.3.1] AndroidManifest.xml:33:17-109
120                android:value="com.google.firebase.components.ComponentRegistrar" />
120-->[com.google.firebase:firebase-database:20.3.1] AndroidManifest.xml:34:17-82
121            <meta-data
121-->[com.google.firebase:firebase-appcheck:17.1.2] AndroidManifest.xml:25:13-27:85
122                android:name="com.google.firebase.components:com.google.firebase.appcheck.FirebaseAppCheckKtxRegistrar"
122-->[com.google.firebase:firebase-appcheck:17.1.2] AndroidManifest.xml:26:17-120
123                android:value="com.google.firebase.components.ComponentRegistrar" />
123-->[com.google.firebase:firebase-appcheck:17.1.2] AndroidManifest.xml:27:17-82
124            <meta-data
124-->[com.google.firebase:firebase-appcheck:17.1.2] AndroidManifest.xml:28:13-30:85
125                android:name="com.google.firebase.components:com.google.firebase.appcheck.FirebaseAppCheckRegistrar"
125-->[com.google.firebase:firebase-appcheck:17.1.2] AndroidManifest.xml:29:17-117
126                android:value="com.google.firebase.components.ComponentRegistrar" />
126-->[com.google.firebase:firebase-appcheck:17.1.2] AndroidManifest.xml:30:17-82
127            <meta-data
127-->[com.google.firebase:firebase-common-ktx:20.4.3] AndroidManifest.xml:12:13-14:85
128                android:name="com.google.firebase.components:com.google.firebase.ktx.FirebaseCommonLegacyRegistrar"
128-->[com.google.firebase:firebase-common-ktx:20.4.3] AndroidManifest.xml:13:17-116
129                android:value="com.google.firebase.components.ComponentRegistrar" />
129-->[com.google.firebase:firebase-common-ktx:20.4.3] AndroidManifest.xml:14:17-82
130            <meta-data
130-->[com.google.firebase:firebase-common:20.4.3] AndroidManifest.xml:35:13-37:85
131                android:name="com.google.firebase.components:com.google.firebase.FirebaseCommonKtxRegistrar"
131-->[com.google.firebase:firebase-common:20.4.3] AndroidManifest.xml:36:17-109
132                android:value="com.google.firebase.components.ComponentRegistrar" />
132-->[com.google.firebase:firebase-common:20.4.3] AndroidManifest.xml:37:17-82
133        </service>
134
135        <activity
135-->[com.google.firebase:firebase-auth:22.3.1] AndroidManifest.xml:29:9-46:20
136            android:name="com.google.firebase.auth.internal.GenericIdpActivity"
136-->[com.google.firebase:firebase-auth:22.3.1] AndroidManifest.xml:30:13-80
137            android:excludeFromRecents="true"
137-->[com.google.firebase:firebase-auth:22.3.1] AndroidManifest.xml:31:13-46
138            android:exported="true"
138-->[com.google.firebase:firebase-auth:22.3.1] AndroidManifest.xml:32:13-36
139            android:launchMode="singleTask"
139-->[com.google.firebase:firebase-auth:22.3.1] AndroidManifest.xml:33:13-44
140            android:theme="@android:style/Theme.Translucent.NoTitleBar" >
140-->[com.google.firebase:firebase-auth:22.3.1] AndroidManifest.xml:34:13-72
141            <intent-filter>
141-->[com.google.firebase:firebase-auth:22.3.1] AndroidManifest.xml:35:13-45:29
142                <action android:name="android.intent.action.VIEW" />
142-->[com.google.firebase:firebase-auth:22.3.1] AndroidManifest.xml:36:17-69
142-->[com.google.firebase:firebase-auth:22.3.1] AndroidManifest.xml:36:25-66
143
144                <category android:name="android.intent.category.DEFAULT" />
144-->[com.google.firebase:firebase-auth:22.3.1] AndroidManifest.xml:38:17-76
144-->[com.google.firebase:firebase-auth:22.3.1] AndroidManifest.xml:38:27-73
145                <category android:name="android.intent.category.BROWSABLE" />
145-->[com.google.firebase:firebase-auth:22.3.1] AndroidManifest.xml:39:17-78
145-->[com.google.firebase:firebase-auth:22.3.1] AndroidManifest.xml:39:27-75
146
147                <data
147-->src\main\AndroidManifest.xml:44:13-50
148                    android:host="firebase.auth"
149                    android:path="/"
150                    android:scheme="genericidp" />
151            </intent-filter>
152        </activity>
153        <activity
153-->[com.google.firebase:firebase-auth:22.3.1] AndroidManifest.xml:47:9-64:20
154            android:name="com.google.firebase.auth.internal.RecaptchaActivity"
154-->[com.google.firebase:firebase-auth:22.3.1] AndroidManifest.xml:48:13-79
155            android:excludeFromRecents="true"
155-->[com.google.firebase:firebase-auth:22.3.1] AndroidManifest.xml:49:13-46
156            android:exported="true"
156-->[com.google.firebase:firebase-auth:22.3.1] AndroidManifest.xml:50:13-36
157            android:launchMode="singleTask"
157-->[com.google.firebase:firebase-auth:22.3.1] AndroidManifest.xml:51:13-44
158            android:theme="@android:style/Theme.Translucent.NoTitleBar" >
158-->[com.google.firebase:firebase-auth:22.3.1] AndroidManifest.xml:52:13-72
159            <intent-filter>
159-->[com.google.firebase:firebase-auth:22.3.1] AndroidManifest.xml:53:13-63:29
160                <action android:name="android.intent.action.VIEW" />
160-->[com.google.firebase:firebase-auth:22.3.1] AndroidManifest.xml:36:17-69
160-->[com.google.firebase:firebase-auth:22.3.1] AndroidManifest.xml:36:25-66
161
162                <category android:name="android.intent.category.DEFAULT" />
162-->[com.google.firebase:firebase-auth:22.3.1] AndroidManifest.xml:38:17-76
162-->[com.google.firebase:firebase-auth:22.3.1] AndroidManifest.xml:38:27-73
163                <category android:name="android.intent.category.BROWSABLE" />
163-->[com.google.firebase:firebase-auth:22.3.1] AndroidManifest.xml:39:17-78
163-->[com.google.firebase:firebase-auth:22.3.1] AndroidManifest.xml:39:27-75
164
165                <data
165-->src\main\AndroidManifest.xml:44:13-50
166                    android:host="firebase.auth"
167                    android:path="/"
168                    android:scheme="recaptcha" />
169            </intent-filter>
170        </activity>
171        <!--
172           Declares a provider which allows us to store files to share in
173           '.../caches/share_plus' and grant the receiving action access
174        -->
175        <provider
175-->[:share_plus] AndroidManifest.xml:13:9-21:20
176            android:name="dev.fluttercommunity.plus.share.ShareFileProvider"
176-->[:share_plus] AndroidManifest.xml:14:13-77
177            android:authorities="com.example.mealmateapp.flutter.share_provider"
177-->[:share_plus] AndroidManifest.xml:15:13-74
178            android:exported="false"
178-->[:share_plus] AndroidManifest.xml:16:13-37
179            android:grantUriPermissions="true" >
179-->[:share_plus] AndroidManifest.xml:17:13-47
180            <meta-data
180-->[:share_plus] AndroidManifest.xml:18:13-20:68
181                android:name="android.support.FILE_PROVIDER_PATHS"
181-->[:share_plus] AndroidManifest.xml:19:17-67
182                android:resource="@xml/flutter_share_file_paths" />
182-->[:share_plus] AndroidManifest.xml:20:17-65
183        </provider>
184        <!--
185           This manifest declared broadcast receiver allows us to use an explicit
186           Intent when creating a PendingItent to be informed of the user's choice
187        -->
188        <receiver
188-->[:share_plus] AndroidManifest.xml:26:9-32:20
189            android:name="dev.fluttercommunity.plus.share.SharePlusPendingIntent"
189-->[:share_plus] AndroidManifest.xml:27:13-82
190            android:exported="false" >
190-->[:share_plus] AndroidManifest.xml:28:13-37
191            <intent-filter>
191-->[:share_plus] AndroidManifest.xml:29:13-31:29
192                <action android:name="EXTRA_CHOSEN_COMPONENT" />
192-->[:share_plus] AndroidManifest.xml:30:17-65
192-->[:share_plus] AndroidManifest.xml:30:25-62
193            </intent-filter>
194        </receiver>
195
196        <provider
196-->[:image_picker_android] AndroidManifest.xml:9:9-17:20
197            android:name="io.flutter.plugins.imagepicker.ImagePickerFileProvider"
197-->[:image_picker_android] AndroidManifest.xml:10:13-82
198            android:authorities="com.example.mealmateapp.flutter.image_provider"
198-->[:image_picker_android] AndroidManifest.xml:11:13-74
199            android:exported="false"
199-->[:image_picker_android] AndroidManifest.xml:12:13-37
200            android:grantUriPermissions="true" >
200-->[:image_picker_android] AndroidManifest.xml:13:13-47
201            <meta-data
201-->[:share_plus] AndroidManifest.xml:18:13-20:68
202                android:name="android.support.FILE_PROVIDER_PATHS"
202-->[:share_plus] AndroidManifest.xml:19:17-67
203                android:resource="@xml/flutter_image_picker_file_paths" />
203-->[:share_plus] AndroidManifest.xml:20:17-65
204        </provider> <!-- Trigger Google Play services to install the backported photo picker module. -->
205        <service
205-->[:image_picker_android] AndroidManifest.xml:19:9-31:19
206            android:name="com.google.android.gms.metadata.ModuleDependencies"
206-->[:image_picker_android] AndroidManifest.xml:20:13-78
207            android:enabled="false"
207-->[:image_picker_android] AndroidManifest.xml:21:13-36
208            android:exported="false" >
208-->[:image_picker_android] AndroidManifest.xml:22:13-37
209            <intent-filter>
209-->[:image_picker_android] AndroidManifest.xml:24:13-26:29
210                <action android:name="com.google.android.gms.metadata.MODULE_DEPENDENCIES" />
210-->[:image_picker_android] AndroidManifest.xml:25:17-94
210-->[:image_picker_android] AndroidManifest.xml:25:25-91
211            </intent-filter>
212
213            <meta-data
213-->[:image_picker_android] AndroidManifest.xml:28:13-30:36
214                android:name="photopicker_activity:0:required"
214-->[:image_picker_android] AndroidManifest.xml:29:17-63
215                android:value="" />
215-->[:image_picker_android] AndroidManifest.xml:30:17-33
216        </service>
217
218        <provider
218-->[com.google.firebase:firebase-common:20.4.3] AndroidManifest.xml:23:9-28:39
219            android:name="com.google.firebase.provider.FirebaseInitProvider"
219-->[com.google.firebase:firebase-common:20.4.3] AndroidManifest.xml:24:13-77
220            android:authorities="com.example.mealmateapp.firebaseinitprovider"
220-->[com.google.firebase:firebase-common:20.4.3] AndroidManifest.xml:25:13-72
221            android:directBootAware="true"
221-->[com.google.firebase:firebase-common:20.4.3] AndroidManifest.xml:26:13-43
222            android:exported="false"
222-->[com.google.firebase:firebase-common:20.4.3] AndroidManifest.xml:27:13-37
223            android:initOrder="100" />
223-->[com.google.firebase:firebase-common:20.4.3] AndroidManifest.xml:28:13-36
224
225        <activity
225-->[com.google.android.gms:play-services-base:18.1.0] AndroidManifest.xml:20:9-22:45
226            android:name="com.google.android.gms.common.api.GoogleApiActivity"
226-->[com.google.android.gms:play-services-base:18.1.0] AndroidManifest.xml:20:19-85
227            android:exported="false"
227-->[com.google.android.gms:play-services-base:18.1.0] AndroidManifest.xml:22:19-43
228            android:theme="@android:style/Theme.Translucent.NoTitleBar" />
228-->[com.google.android.gms:play-services-base:18.1.0] AndroidManifest.xml:21:19-78
229
230        <provider
230-->[androidx.lifecycle:lifecycle-process:2.7.0] AndroidManifest.xml:24:9-32:20
231            android:name="androidx.startup.InitializationProvider"
231-->[androidx.lifecycle:lifecycle-process:2.7.0] AndroidManifest.xml:25:13-67
232            android:authorities="com.example.mealmateapp.androidx-startup"
232-->[androidx.lifecycle:lifecycle-process:2.7.0] AndroidManifest.xml:26:13-68
233            android:exported="false" >
233-->[androidx.lifecycle:lifecycle-process:2.7.0] AndroidManifest.xml:27:13-37
234            <meta-data
234-->[androidx.lifecycle:lifecycle-process:2.7.0] AndroidManifest.xml:29:13-31:52
235                android:name="androidx.lifecycle.ProcessLifecycleInitializer"
235-->[androidx.lifecycle:lifecycle-process:2.7.0] AndroidManifest.xml:30:17-78
236                android:value="androidx.startup" />
236-->[androidx.lifecycle:lifecycle-process:2.7.0] AndroidManifest.xml:31:17-49
237            <meta-data
237-->[androidx.profileinstaller:profileinstaller:1.3.1] AndroidManifest.xml:29:13-31:52
238                android:name="androidx.profileinstaller.ProfileInstallerInitializer"
238-->[androidx.profileinstaller:profileinstaller:1.3.1] AndroidManifest.xml:30:17-85
239                android:value="androidx.startup" />
239-->[androidx.profileinstaller:profileinstaller:1.3.1] AndroidManifest.xml:31:17-49
240        </provider>
241
242        <uses-library
242-->[androidx.window:window:1.2.0] AndroidManifest.xml:23:9-25:40
243            android:name="androidx.window.extensions"
243-->[androidx.window:window:1.2.0] AndroidManifest.xml:24:13-54
244            android:required="false" />
244-->[androidx.window:window:1.2.0] AndroidManifest.xml:25:13-37
245        <uses-library
245-->[androidx.window:window:1.2.0] AndroidManifest.xml:26:9-28:40
246            android:name="androidx.window.sidecar"
246-->[androidx.window:window:1.2.0] AndroidManifest.xml:27:13-51
247            android:required="false" />
247-->[androidx.window:window:1.2.0] AndroidManifest.xml:28:13-37
248
249        <meta-data
249-->[com.google.android.gms:play-services-basement:18.3.0] AndroidManifest.xml:21:9-23:69
250            android:name="com.google.android.gms.version"
250-->[com.google.android.gms:play-services-basement:18.3.0] AndroidManifest.xml:22:13-58
251            android:value="@integer/google_play_services_version" />
251-->[com.google.android.gms:play-services-basement:18.3.0] AndroidManifest.xml:23:13-66
252
253        <receiver
253-->[androidx.profileinstaller:profileinstaller:1.3.1] AndroidManifest.xml:34:9-52:20
254            android:name="androidx.profileinstaller.ProfileInstallReceiver"
254-->[androidx.profileinstaller:profileinstaller:1.3.1] AndroidManifest.xml:35:13-76
255            android:directBootAware="false"
255-->[androidx.profileinstaller:profileinstaller:1.3.1] AndroidManifest.xml:36:13-44
256            android:enabled="true"
256-->[androidx.profileinstaller:profileinstaller:1.3.1] AndroidManifest.xml:37:13-35
257            android:exported="true"
257-->[androidx.profileinstaller:profileinstaller:1.3.1] AndroidManifest.xml:38:13-36
258            android:permission="android.permission.DUMP" >
258-->[androidx.profileinstaller:profileinstaller:1.3.1] AndroidManifest.xml:39:13-57
259            <intent-filter>
259-->[androidx.profileinstaller:profileinstaller:1.3.1] AndroidManifest.xml:40:13-42:29
260                <action android:name="androidx.profileinstaller.action.INSTALL_PROFILE" />
260-->[androidx.profileinstaller:profileinstaller:1.3.1] AndroidManifest.xml:41:17-91
260-->[androidx.profileinstaller:profileinstaller:1.3.1] AndroidManifest.xml:41:25-88
261            </intent-filter>
262            <intent-filter>
262-->[androidx.profileinstaller:profileinstaller:1.3.1] AndroidManifest.xml:43:13-45:29
263                <action android:name="androidx.profileinstaller.action.SKIP_FILE" />
263-->[androidx.profileinstaller:profileinstaller:1.3.1] AndroidManifest.xml:44:17-85
263-->[androidx.profileinstaller:profileinstaller:1.3.1] AndroidManifest.xml:44:25-82
264            </intent-filter>
265            <intent-filter>
265-->[androidx.profileinstaller:profileinstaller:1.3.1] AndroidManifest.xml:46:13-48:29
266                <action android:name="androidx.profileinstaller.action.SAVE_PROFILE" />
266-->[androidx.profileinstaller:profileinstaller:1.3.1] AndroidManifest.xml:47:17-88
266-->[androidx.profileinstaller:profileinstaller:1.3.1] AndroidManifest.xml:47:25-85
267            </intent-filter>
268            <intent-filter>
268-->[androidx.profileinstaller:profileinstaller:1.3.1] AndroidManifest.xml:49:13-51:29
269                <action android:name="androidx.profileinstaller.action.BENCHMARK_OPERATION" />
269-->[androidx.profileinstaller:profileinstaller:1.3.1] AndroidManifest.xml:50:17-95
269-->[androidx.profileinstaller:profileinstaller:1.3.1] AndroidManifest.xml:50:25-92
270            </intent-filter>
271        </receiver>
272    </application>
273
274</manifest>